<?xml version="1.0" encoding="UTF-8"?>
<!-- Generated by org.testng.reporters.JUnitXMLReporter -->
<testsuite ignored="0" hostname="THINK" failures="0" tests="4" name="AmazonTest" time="0.133" errors="0" timestamp="2022-03-07T23:26:58 IST">
  <testcase classname="test123.VerfyAccountsAndList" name="@BeforeTest launchBrowser" time="-1.646675817909E9">
    <failure type="org.testng.TestNGException" message="
Parameter &amp;apos;Browser&amp;apos; is required by BeforeTest on method launchBrowser but has not been marked @Optional or defined
in C:\BHAI\AMAZON-NEW-MAVEN\testng.xml">
      <![CDATA[org.testng.TestNGException: 
Parameter 'Browser' is required by BeforeTest on method launchBrowser but has not been marked @Optional or defined
in C:\BHAI\AMAZON-NEW-MAVEN\testng.xml
... Removed 21 stack frames]]>
    </failure>
  </testcase> <!-- @BeforeTest launchBrowser -->
  <testcase classname="test123.VerifyAddToCart" name="@BeforeClass beforeClass" time="-1.64667581795E9">
    <skipped/>
  </testcase> <!-- @BeforeClass beforeClass -->
  <testcase classname="test123.VerifyAddToCart" name="@BeforeMethod beforeMethod" time="-1.646675817981E9">
    <skipped/>
  </testcase> <!-- @BeforeMethod beforeMethod -->
  <testcase classname="test123.VerifyAddToCart" name="@AfterMethod afterMethod" time="-1.646675817989E9">
    <skipped/>
  </testcase> <!-- @AfterMethod afterMethod -->
  <testcase classname="test123.VerifyAddToCart" name="@AfterClass afterClass" time="-1.646675817992E9">
    <skipped/>
  </testcase> <!-- @AfterClass afterClass -->
  <testcase classname="test123.VerfyAccountsAndList" name="@BeforeClass createAnObject" time="-1.646675817996E9">
    <skipped/>
  </testcase> <!-- @BeforeClass createAnObject -->
  <testcase classname="test123.VerfyAccountsAndList" name="@BeforeMethod loginToApplication" time="-1.646675817998E9">
    <skipped/>
  </testcase> <!-- @BeforeMethod loginToApplication -->
  <testcase classname="test123.VerfyAccountsAndList" name="@AfterMethod signOut" time="-1.646675818002E9">
    <skipped/>
  </testcase> <!-- @AfterMethod signOut -->
  <testcase classname="test123.VerfyAccountsAndList" name="@AfterClass clearPomClassObject" time="-1.646675818004E9">
    <skipped/>
  </testcase> <!-- @AfterClass clearPomClassObject -->
  <testcase classname="test123.VerifyYourOrders" name="@BeforeClass beforeClass" time="-1.646675818006E9">
    <skipped/>
  </testcase> <!-- @BeforeClass beforeClass -->
  <testcase classname="test123.VerifyYourOrders" name="@BeforeMethod beforeMethod" time="-1.646675818008E9">
    <skipped/>
  </testcase> <!-- @BeforeMethod beforeMethod -->
  <testcase classname="test123.VerifyYourOrders" name="@AfterMethod afterMethod" time="-1.646675818014E9">
    <skipped/>
  </testcase> <!-- @AfterMethod afterMethod -->
  <testcase classname="test123.VerifyYourOrders" name="@AfterClass afterClass" time="-1.646675818016E9">
    <skipped/>
  </testcase> <!-- @AfterClass afterClass -->
  <testcase classname="test123.VerifyAllHeaders" name="@BeforeClass beforeClass" time="-1.646675818019E9">
    <skipped/>
  </testcase> <!-- @BeforeClass beforeClass -->
  <testcase classname="test123.VerifyAllHeaders" name="@BeforeMethod beforeMethod" time="-1.646675818021E9">
    <skipped/>
  </testcase> <!-- @BeforeMethod beforeMethod -->
  <testcase classname="test123.VerifyAllHeaders" name="@AfterMethod afterMethod" time="-1.646675818026E9">
    <skipped/>
  </testcase> <!-- @AfterMethod afterMethod -->
  <testcase classname="test123.VerifyAllHeaders" name="@AfterClass afterClass" time="-1.646675818028E9">
    <skipped/>
  </testcase> <!-- @AfterClass afterClass -->
  <testcase classname="test123.VerfyAccountsAndList" name="@AfterTest clearBrowser" time="-1.646675818029E9">
    <skipped/>
  </testcase> <!-- @AfterTest clearBrowser -->
  <testcase classname="test123.VerifyAddToCart" name="test" time="0.0">
    <skipped/>
  </testcase> <!-- test -->
  <testcase classname="test123.VerfyAccountsAndList" name="test" time="0.0">
    <skipped/>
  </testcase> <!-- test -->
  <testcase classname="test123.VerifyYourOrders" name="test" time="0.0">
    <skipped/>
  </testcase> <!-- test -->
  <testcase classname="test123.VerifyAllHeaders" name="test" time="0.0">
    <skipped/>
  </testcase> <!-- test -->
</testsuite> <!-- AmazonTest -->
