<?xml version="1.0" encoding="UTF-8"?>
<!-- Generated by org.testng.reporters.JUnitXMLReporter -->
<testsuite ignored="0" hostname="THINK" failures="0" tests="4" name="TestAmazon" time="6.264" errors="0" timestamp="2022-03-07T22:45:24 IST">
  <testcase classname="test123.VerifyYourOrders" name="@BeforeClass beforeClass" time="5.956">
    <failure type="org.openqa.selenium.SessionNotCreatedException" message="session not created: This version of ChromeDriver only supports Chrome version 97
Current browser version is 99.0.4844.51 with binary path C:\Program Files\Google\Chrome\Application\chrome.exe
Build info: version: &amp;apos;3.141.59&amp;apos;, revision: &amp;apos;e82be7d358&amp;apos;, time: &amp;apos;2018-11-14T08:17:03&amp;apos;
System info: host: &amp;apos;THINK&amp;apos;, ip: &amp;apos;192.168.255.45&amp;apos;, os.name: &amp;apos;Windows 7&amp;apos;, os.arch: &amp;apos;amd64&amp;apos;, os.version: &amp;apos;6.1&amp;apos;, java.version: &amp;apos;15.0.2&amp;apos;
Driver info: driver.version: ChromeDriver
remote stacktrace: Backtrace:
	Ordinal0 [0x0126FDC3+2555331]
	Ordinal0 [0x012077F1+2127857]
	Ordinal0 [0x01102E08+1060360]
	Ordinal0 [0x011219CA+1186250]
	Ordinal0 [0x0111D825+1169445]
	Ordinal0 [0x0111AFC1+1159105]
	Ordinal0 [0x0114C22F+1360431]
	Ordinal0 [0x0114BE9A+1359514]
	Ordinal0 [0x01147976+1341814]
	Ordinal0 [0x011236B6+1193654]
	Ordinal0 [0x01124546+1197382]
	GetHandleVerifier [0x01409622+1619522]
	GetHandleVerifier [0x014B882C+2336844]
	GetHandleVerifier [0x013023E1+541697]
	GetHandleVerifier [0x01301443+537699]
	Ordinal0 [0x0120D18E+2150798]
	Ordinal0 [0x01211518+2168088]
	Ordinal0 [0x01211660+2168416]
	Ordinal0 [0x0121B330+2208560]
	BaseThreadInitThunk [0x76AD336A+18]
	RtlInitializeExceptionChain [0x77249902+99]
	RtlInitializeExceptionChain [0x772498D5+54]
">
      <![CDATA[org.openqa.selenium.SessionNotCreatedException: session not created: This version of ChromeDriver only supports Chrome version 97
Current browser version is 99.0.4844.51 with binary path C:\Program Files\Google\Chrome\Application\chrome.exe
Build info: version: '3.141.59', revision: 'e82be7d358', time: '2018-11-14T08:17:03'
System info: host: 'THINK', ip: '192.168.255.45', os.name: 'Windows 7', os.arch: 'amd64', os.version: '6.1', java.version: '15.0.2'
Driver info: driver.version: ChromeDriver
remote stacktrace: Backtrace:
Ordinal0 [0x0126FDC3+2555331]
Ordinal0 [0x012077F1+2127857]
Ordinal0 [0x01102E08+1060360]
Ordinal0 [0x011219CA+1186250]
Ordinal0 [0x0111D825+1169445]
Ordinal0 [0x0111AFC1+1159105]
Ordinal0 [0x0114C22F+1360431]
Ordinal0 [0x0114BE9A+1359514]
Ordinal0 [0x01147976+1341814]
Ordinal0 [0x011236B6+1193654]
Ordinal0 [0x01124546+1197382]
GetHandleVerifier [0x01409622+1619522]
GetHandleVerifier [0x014B882C+2336844]
GetHandleVerifier [0x013023E1+541697]
GetHandleVerifier [0x01301443+537699]
Ordinal0 [0x0120D18E+2150798]
Ordinal0 [0x01211518+2168088]
Ordinal0 [0x01211660+2168416]
Ordinal0 [0x0121B330+2208560]
BaseThreadInitThunk [0x76AD336A+18]
RtlInitializeExceptionChain [0x77249902+99]
RtlInitializeExceptionChain [0x772498D5+54]

at org.openqa.selenium.remote.W3CHandshakeResponse.lambda$errorHandler$0(W3CHandshakeResponse.java:62)
at org.openqa.selenium.remote.HandshakeResponse.lambda$getResponseFunction$0(HandshakeResponse.java:30)
at org.openqa.selenium.remote.ProtocolHandshake.lambda$createSession$0(ProtocolHandshake.java:126)
at java.base/java.util.stream.ReferencePipeline$3$1.accept(ReferencePipeline.java:195)
at java.base/java.util.Spliterators$ArraySpliterator.tryAdvance(Spliterators.java:958)
at java.base/java.util.stream.ReferencePipeline.forEachWithCancel(ReferencePipeline.java:127)
at java.base/java.util.stream.AbstractPipeline.copyIntoWithCancel(AbstractPipeline.java:502)
at java.base/java.util.stream.AbstractPipeline.copyInto(AbstractPipeline.java:488)
at java.base/java.util.stream.AbstractPipeline.wrapAndCopyInto(AbstractPipeline.java:474)
at java.base/java.util.stream.FindOps$FindOp.evaluateSequential(FindOps.java:150)
at java.base/java.util.stream.AbstractPipeline.evaluate(AbstractPipeline.java:234)
at java.base/java.util.stream.ReferencePipeline.findFirst(ReferencePipeline.java:543)
at org.openqa.selenium.remote.ProtocolHandshake.createSession(ProtocolHandshake.java:128)
at org.openqa.selenium.remote.ProtocolHandshake.createSession(ProtocolHandshake.java:74)
at org.openqa.selenium.remote.HttpCommandExecutor.execute(HttpCommandExecutor.java:136)
at org.openqa.selenium.remote.service.DriverCommandExecutor.execute(DriverCommandExecutor.java:83)
at org.openqa.selenium.remote.RemoteWebDriver.execute(RemoteWebDriver.java:552)
at org.openqa.selenium.remote.RemoteWebDriver.startSession(RemoteWebDriver.java:213)
at org.openqa.selenium.remote.RemoteWebDriver.<init>(RemoteWebDriver.java:131)
at org.openqa.selenium.chrome.ChromeDriver.<init>(ChromeDriver.java:181)
at org.openqa.selenium.chrome.ChromeDriver.<init>(ChromeDriver.java:168)
at org.openqa.selenium.chrome.ChromeDriver.<init>(ChromeDriver.java:123)
at test123.VerifyYourOrders.beforeClass(VerifyYourOrders.java:27)
at java.base/java.util.concurrent.ThreadPoolExecutor.runWorker(ThreadPoolExecutor.java:1130)
at java.base/java.util.concurrent.ThreadPoolExecutor$Worker.run(ThreadPoolExecutor.java:630)
at java.base/java.lang.Thread.run(Thread.java:832)
... Removed 15 stack frames]]>
    </failure>
  </testcase> <!-- @BeforeClass beforeClass -->
  <testcase classname="test123.VerfyAccountsAndList" name="@BeforeClass beforeClass" time="5.956">
    <failure type="org.openqa.selenium.SessionNotCreatedException" message="session not created: This version of ChromeDriver only supports Chrome version 97
Current browser version is 99.0.4844.51 with binary path C:\Program Files\Google\Chrome\Application\chrome.exe
Build info: version: &amp;apos;3.141.59&amp;apos;, revision: &amp;apos;e82be7d358&amp;apos;, time: &amp;apos;2018-11-14T08:17:03&amp;apos;
System info: host: &amp;apos;THINK&amp;apos;, ip: &amp;apos;192.168.255.45&amp;apos;, os.name: &amp;apos;Windows 7&amp;apos;, os.arch: &amp;apos;amd64&amp;apos;, os.version: &amp;apos;6.1&amp;apos;, java.version: &amp;apos;15.0.2&amp;apos;
Driver info: driver.version: ChromeDriver
remote stacktrace: Backtrace:
	Ordinal0 [0x0126FDC3+2555331]
	Ordinal0 [0x012077F1+2127857]
	Ordinal0 [0x01102E08+1060360]
	Ordinal0 [0x011219CA+1186250]
	Ordinal0 [0x0111D825+1169445]
	Ordinal0 [0x0111AFC1+1159105]
	Ordinal0 [0x0114C22F+1360431]
	Ordinal0 [0x0114BE9A+1359514]
	Ordinal0 [0x01147976+1341814]
	Ordinal0 [0x011236B6+1193654]
	Ordinal0 [0x01124546+1197382]
	GetHandleVerifier [0x01409622+1619522]
	GetHandleVerifier [0x014B882C+2336844]
	GetHandleVerifier [0x013023E1+541697]
	GetHandleVerifier [0x01301443+537699]
	Ordinal0 [0x0120D18E+2150798]
	Ordinal0 [0x01211518+2168088]
	Ordinal0 [0x01211660+2168416]
	Ordinal0 [0x0121B330+2208560]
	BaseThreadInitThunk [0x76AD336A+18]
	RtlInitializeExceptionChain [0x77249902+99]
	RtlInitializeExceptionChain [0x772498D5+54]
">
      <![CDATA[org.openqa.selenium.SessionNotCreatedException: session not created: This version of ChromeDriver only supports Chrome version 97
Current browser version is 99.0.4844.51 with binary path C:\Program Files\Google\Chrome\Application\chrome.exe
Build info: version: '3.141.59', revision: 'e82be7d358', time: '2018-11-14T08:17:03'
System info: host: 'THINK', ip: '192.168.255.45', os.name: 'Windows 7', os.arch: 'amd64', os.version: '6.1', java.version: '15.0.2'
Driver info: driver.version: ChromeDriver
remote stacktrace: Backtrace:
Ordinal0 [0x0126FDC3+2555331]
Ordinal0 [0x012077F1+2127857]
Ordinal0 [0x01102E08+1060360]
Ordinal0 [0x011219CA+1186250]
Ordinal0 [0x0111D825+1169445]
Ordinal0 [0x0111AFC1+1159105]
Ordinal0 [0x0114C22F+1360431]
Ordinal0 [0x0114BE9A+1359514]
Ordinal0 [0x01147976+1341814]
Ordinal0 [0x011236B6+1193654]
Ordinal0 [0x01124546+1197382]
GetHandleVerifier [0x01409622+1619522]
GetHandleVerifier [0x014B882C+2336844]
GetHandleVerifier [0x013023E1+541697]
GetHandleVerifier [0x01301443+537699]
Ordinal0 [0x0120D18E+2150798]
Ordinal0 [0x01211518+2168088]
Ordinal0 [0x01211660+2168416]
Ordinal0 [0x0121B330+2208560]
BaseThreadInitThunk [0x76AD336A+18]
RtlInitializeExceptionChain [0x77249902+99]
RtlInitializeExceptionChain [0x772498D5+54]

at org.openqa.selenium.remote.W3CHandshakeResponse.lambda$errorHandler$0(W3CHandshakeResponse.java:62)
at org.openqa.selenium.remote.HandshakeResponse.lambda$getResponseFunction$0(HandshakeResponse.java:30)
at org.openqa.selenium.remote.ProtocolHandshake.lambda$createSession$0(ProtocolHandshake.java:126)
at java.base/java.util.stream.ReferencePipeline$3$1.accept(ReferencePipeline.java:195)
at java.base/java.util.Spliterators$ArraySpliterator.tryAdvance(Spliterators.java:958)
at java.base/java.util.stream.ReferencePipeline.forEachWithCancel(ReferencePipeline.java:127)
at java.base/java.util.stream.AbstractPipeline.copyIntoWithCancel(AbstractPipeline.java:502)
at java.base/java.util.stream.AbstractPipeline.copyInto(AbstractPipeline.java:488)
at java.base/java.util.stream.AbstractPipeline.wrapAndCopyInto(AbstractPipeline.java:474)
at java.base/java.util.stream.FindOps$FindOp.evaluateSequential(FindOps.java:150)
at java.base/java.util.stream.AbstractPipeline.evaluate(AbstractPipeline.java:234)
at java.base/java.util.stream.ReferencePipeline.findFirst(ReferencePipeline.java:543)
at org.openqa.selenium.remote.ProtocolHandshake.createSession(ProtocolHandshake.java:128)
at org.openqa.selenium.remote.ProtocolHandshake.createSession(ProtocolHandshake.java:74)
at org.openqa.selenium.remote.HttpCommandExecutor.execute(HttpCommandExecutor.java:136)
at org.openqa.selenium.remote.service.DriverCommandExecutor.execute(DriverCommandExecutor.java:83)
at org.openqa.selenium.remote.RemoteWebDriver.execute(RemoteWebDriver.java:552)
at org.openqa.selenium.remote.RemoteWebDriver.startSession(RemoteWebDriver.java:213)
at org.openqa.selenium.remote.RemoteWebDriver.<init>(RemoteWebDriver.java:131)
at org.openqa.selenium.chrome.ChromeDriver.<init>(ChromeDriver.java:181)
at org.openqa.selenium.chrome.ChromeDriver.<init>(ChromeDriver.java:168)
at org.openqa.selenium.chrome.ChromeDriver.<init>(ChromeDriver.java:123)
at test123.VerfyAccountsAndList.beforeClass(VerfyAccountsAndList.java:32)
at java.base/java.util.concurrent.ThreadPoolExecutor.runWorker(ThreadPoolExecutor.java:1130)
at java.base/java.util.concurrent.ThreadPoolExecutor$Worker.run(ThreadPoolExecutor.java:630)
at java.base/java.lang.Thread.run(Thread.java:832)
... Removed 15 stack frames]]>
    </failure>
  </testcase> <!-- @BeforeClass beforeClass -->
  <testcase classname="test123.VerifyAddToCart" name="@BeforeClass beforeClass" time="5.956">
    <failure type="org.openqa.selenium.SessionNotCreatedException" message="session not created: This version of ChromeDriver only supports Chrome version 97
Current browser version is 99.0.4844.51 with binary path C:\Program Files\Google\Chrome\Application\chrome.exe
Build info: version: &amp;apos;3.141.59&amp;apos;, revision: &amp;apos;e82be7d358&amp;apos;, time: &amp;apos;2018-11-14T08:17:03&amp;apos;
System info: host: &amp;apos;THINK&amp;apos;, ip: &amp;apos;192.168.255.45&amp;apos;, os.name: &amp;apos;Windows 7&amp;apos;, os.arch: &amp;apos;amd64&amp;apos;, os.version: &amp;apos;6.1&amp;apos;, java.version: &amp;apos;15.0.2&amp;apos;
Driver info: driver.version: ChromeDriver
remote stacktrace: Backtrace:
	Ordinal0 [0x0126FDC3+2555331]
	Ordinal0 [0x012077F1+2127857]
	Ordinal0 [0x01102E08+1060360]
	Ordinal0 [0x011219CA+1186250]
	Ordinal0 [0x0111D825+1169445]
	Ordinal0 [0x0111AFC1+1159105]
	Ordinal0 [0x0114C22F+1360431]
	Ordinal0 [0x0114BE9A+1359514]
	Ordinal0 [0x01147976+1341814]
	Ordinal0 [0x011236B6+1193654]
	Ordinal0 [0x01124546+1197382]
	GetHandleVerifier [0x01409622+1619522]
	GetHandleVerifier [0x014B882C+2336844]
	GetHandleVerifier [0x013023E1+541697]
	GetHandleVerifier [0x01301443+537699]
	Ordinal0 [0x0120D18E+2150798]
	Ordinal0 [0x01211518+2168088]
	Ordinal0 [0x01211660+2168416]
	Ordinal0 [0x0121B330+2208560]
	BaseThreadInitThunk [0x76AD336A+18]
	RtlInitializeExceptionChain [0x77249902+99]
	RtlInitializeExceptionChain [0x772498D5+54]
">
      <![CDATA[org.openqa.selenium.SessionNotCreatedException: session not created: This version of ChromeDriver only supports Chrome version 97
Current browser version is 99.0.4844.51 with binary path C:\Program Files\Google\Chrome\Application\chrome.exe
Build info: version: '3.141.59', revision: 'e82be7d358', time: '2018-11-14T08:17:03'
System info: host: 'THINK', ip: '192.168.255.45', os.name: 'Windows 7', os.arch: 'amd64', os.version: '6.1', java.version: '15.0.2'
Driver info: driver.version: ChromeDriver
remote stacktrace: Backtrace:
Ordinal0 [0x0126FDC3+2555331]
Ordinal0 [0x012077F1+2127857]
Ordinal0 [0x01102E08+1060360]
Ordinal0 [0x011219CA+1186250]
Ordinal0 [0x0111D825+1169445]
Ordinal0 [0x0111AFC1+1159105]
Ordinal0 [0x0114C22F+1360431]
Ordinal0 [0x0114BE9A+1359514]
Ordinal0 [0x01147976+1341814]
Ordinal0 [0x011236B6+1193654]
Ordinal0 [0x01124546+1197382]
GetHandleVerifier [0x01409622+1619522]
GetHandleVerifier [0x014B882C+2336844]
GetHandleVerifier [0x013023E1+541697]
GetHandleVerifier [0x01301443+537699]
Ordinal0 [0x0120D18E+2150798]
Ordinal0 [0x01211518+2168088]
Ordinal0 [0x01211660+2168416]
Ordinal0 [0x0121B330+2208560]
BaseThreadInitThunk [0x76AD336A+18]
RtlInitializeExceptionChain [0x77249902+99]
RtlInitializeExceptionChain [0x772498D5+54]

at org.openqa.selenium.remote.W3CHandshakeResponse.lambda$errorHandler$0(W3CHandshakeResponse.java:62)
at org.openqa.selenium.remote.HandshakeResponse.lambda$getResponseFunction$0(HandshakeResponse.java:30)
at org.openqa.selenium.remote.ProtocolHandshake.lambda$createSession$0(ProtocolHandshake.java:126)
at java.base/java.util.stream.ReferencePipeline$3$1.accept(ReferencePipeline.java:195)
at java.base/java.util.Spliterators$ArraySpliterator.tryAdvance(Spliterators.java:958)
at java.base/java.util.stream.ReferencePipeline.forEachWithCancel(ReferencePipeline.java:127)
at java.base/java.util.stream.AbstractPipeline.copyIntoWithCancel(AbstractPipeline.java:502)
at java.base/java.util.stream.AbstractPipeline.copyInto(AbstractPipeline.java:488)
at java.base/java.util.stream.AbstractPipeline.wrapAndCopyInto(AbstractPipeline.java:474)
at java.base/java.util.stream.FindOps$FindOp.evaluateSequential(FindOps.java:150)
at java.base/java.util.stream.AbstractPipeline.evaluate(AbstractPipeline.java:234)
at java.base/java.util.stream.ReferencePipeline.findFirst(ReferencePipeline.java:543)
at org.openqa.selenium.remote.ProtocolHandshake.createSession(ProtocolHandshake.java:128)
at org.openqa.selenium.remote.ProtocolHandshake.createSession(ProtocolHandshake.java:74)
at org.openqa.selenium.remote.HttpCommandExecutor.execute(HttpCommandExecutor.java:136)
at org.openqa.selenium.remote.service.DriverCommandExecutor.execute(DriverCommandExecutor.java:83)
at org.openqa.selenium.remote.RemoteWebDriver.execute(RemoteWebDriver.java:552)
at org.openqa.selenium.remote.RemoteWebDriver.startSession(RemoteWebDriver.java:213)
at org.openqa.selenium.remote.RemoteWebDriver.<init>(RemoteWebDriver.java:131)
at org.openqa.selenium.chrome.ChromeDriver.<init>(ChromeDriver.java:181)
at org.openqa.selenium.chrome.ChromeDriver.<init>(ChromeDriver.java:168)
at org.openqa.selenium.chrome.ChromeDriver.<init>(ChromeDriver.java:123)
at test123.VerifyAddToCart.beforeClass(VerifyAddToCart.java:33)
at java.base/java.util.concurrent.ThreadPoolExecutor.runWorker(ThreadPoolExecutor.java:1130)
at java.base/java.util.concurrent.ThreadPoolExecutor$Worker.run(ThreadPoolExecutor.java:630)
at java.base/java.lang.Thread.run(Thread.java:832)
... Removed 15 stack frames]]>
    </failure>
  </testcase> <!-- @BeforeClass beforeClass -->
  <testcase classname="test123.VerfyAccountsAndList" name="@BeforeMethod beforeMethod" time="-1.646673324389E9">
    <skipped/>
  </testcase> <!-- @BeforeMethod beforeMethod -->
  <testcase classname="test123.VerifyAddToCart" name="@BeforeMethod beforeMethod" time="-1.646673324389E9">
    <skipped/>
  </testcase> <!-- @BeforeMethod beforeMethod -->
  <testcase classname="test123.VerifyYourOrders" name="@BeforeMethod beforeMethod" time="-1.646673324389E9">
    <skipped/>
  </testcase> <!-- @BeforeMethod beforeMethod -->
  <testcase classname="test123.VerfyAccountsAndList" name="@AfterMethod afterMethod" time="-1.646673324412E9">
    <skipped/>
  </testcase> <!-- @AfterMethod afterMethod -->
  <testcase classname="test123.VerifyYourOrders" name="@AfterMethod afterMethod" time="-1.646673324415E9">
    <skipped/>
  </testcase> <!-- @AfterMethod afterMethod -->
  <testcase classname="test123.VerifyYourOrders" name="@AfterClass afterClass" time="-1.646673324418E9">
    <skipped/>
  </testcase> <!-- @AfterClass afterClass -->
  <testcase classname="test123.VerifyAddToCart" name="@AfterMethod afterMethod" time="-1.64667332442E9">
    <skipped/>
  </testcase> <!-- @AfterMethod afterMethod -->
  <testcase classname="test123.VerifyAddToCart" name="@AfterClass afterClass" time="-1.646673324422E9">
    <skipped/>
  </testcase> <!-- @AfterClass afterClass -->
  <testcase classname="test123.VerfyAccountsAndList" name="@AfterClass afterClass" time="-1.646673324427E9">
    <skipped/>
  </testcase> <!-- @AfterClass afterClass -->
  <testcase classname="test123.VerifyAllHeaders" name="@BeforeClass beforeClass" time="6.206">
    <failure type="org.openqa.selenium.SessionNotCreatedException" message="session not created: This version of ChromeDriver only supports Chrome version 97
Current browser version is 99.0.4844.51 with binary path C:\Program Files\Google\Chrome\Application\chrome.exe
Build info: version: &amp;apos;3.141.59&amp;apos;, revision: &amp;apos;e82be7d358&amp;apos;, time: &amp;apos;2018-11-14T08:17:03&amp;apos;
System info: host: &amp;apos;THINK&amp;apos;, ip: &amp;apos;192.168.255.45&amp;apos;, os.name: &amp;apos;Windows 7&amp;apos;, os.arch: &amp;apos;amd64&amp;apos;, os.version: &amp;apos;6.1&amp;apos;, java.version: &amp;apos;15.0.2&amp;apos;
Driver info: driver.version: ChromeDriver
remote stacktrace: Backtrace:
	Ordinal0 [0x0126FDC3+2555331]
	Ordinal0 [0x012077F1+2127857]
	Ordinal0 [0x01102E08+1060360]
	Ordinal0 [0x011219CA+1186250]
	Ordinal0 [0x0111D825+1169445]
	Ordinal0 [0x0111AFC1+1159105]
	Ordinal0 [0x0114C22F+1360431]
	Ordinal0 [0x0114BE9A+1359514]
	Ordinal0 [0x01147976+1341814]
	Ordinal0 [0x011236B6+1193654]
	Ordinal0 [0x01124546+1197382]
	GetHandleVerifier [0x01409622+1619522]
	GetHandleVerifier [0x014B882C+2336844]
	GetHandleVerifier [0x013023E1+541697]
	GetHandleVerifier [0x01301443+537699]
	Ordinal0 [0x0120D18E+2150798]
	Ordinal0 [0x01211518+2168088]
	Ordinal0 [0x01211660+2168416]
	Ordinal0 [0x0121B330+2208560]
	BaseThreadInitThunk [0x76AD336A+18]
	RtlInitializeExceptionChain [0x77249902+99]
	RtlInitializeExceptionChain [0x772498D5+54]
">
      <![CDATA[org.openqa.selenium.SessionNotCreatedException: session not created: This version of ChromeDriver only supports Chrome version 97
Current browser version is 99.0.4844.51 with binary path C:\Program Files\Google\Chrome\Application\chrome.exe
Build info: version: '3.141.59', revision: 'e82be7d358', time: '2018-11-14T08:17:03'
System info: host: 'THINK', ip: '192.168.255.45', os.name: 'Windows 7', os.arch: 'amd64', os.version: '6.1', java.version: '15.0.2'
Driver info: driver.version: ChromeDriver
remote stacktrace: Backtrace:
Ordinal0 [0x0126FDC3+2555331]
Ordinal0 [0x012077F1+2127857]
Ordinal0 [0x01102E08+1060360]
Ordinal0 [0x011219CA+1186250]
Ordinal0 [0x0111D825+1169445]
Ordinal0 [0x0111AFC1+1159105]
Ordinal0 [0x0114C22F+1360431]
Ordinal0 [0x0114BE9A+1359514]
Ordinal0 [0x01147976+1341814]
Ordinal0 [0x011236B6+1193654]
Ordinal0 [0x01124546+1197382]
GetHandleVerifier [0x01409622+1619522]
GetHandleVerifier [0x014B882C+2336844]
GetHandleVerifier [0x013023E1+541697]
GetHandleVerifier [0x01301443+537699]
Ordinal0 [0x0120D18E+2150798]
Ordinal0 [0x01211518+2168088]
Ordinal0 [0x01211660+2168416]
Ordinal0 [0x0121B330+2208560]
BaseThreadInitThunk [0x76AD336A+18]
RtlInitializeExceptionChain [0x77249902+99]
RtlInitializeExceptionChain [0x772498D5+54]

at org.openqa.selenium.remote.W3CHandshakeResponse.lambda$errorHandler$0(W3CHandshakeResponse.java:62)
at org.openqa.selenium.remote.HandshakeResponse.lambda$getResponseFunction$0(HandshakeResponse.java:30)
at org.openqa.selenium.remote.ProtocolHandshake.lambda$createSession$0(ProtocolHandshake.java:126)
at java.base/java.util.stream.ReferencePipeline$3$1.accept(ReferencePipeline.java:195)
at java.base/java.util.Spliterators$ArraySpliterator.tryAdvance(Spliterators.java:958)
at java.base/java.util.stream.ReferencePipeline.forEachWithCancel(ReferencePipeline.java:127)
at java.base/java.util.stream.AbstractPipeline.copyIntoWithCancel(AbstractPipeline.java:502)
at java.base/java.util.stream.AbstractPipeline.copyInto(AbstractPipeline.java:488)
at java.base/java.util.stream.AbstractPipeline.wrapAndCopyInto(AbstractPipeline.java:474)
at java.base/java.util.stream.FindOps$FindOp.evaluateSequential(FindOps.java:150)
at java.base/java.util.stream.AbstractPipeline.evaluate(AbstractPipeline.java:234)
at java.base/java.util.stream.ReferencePipeline.findFirst(ReferencePipeline.java:543)
at org.openqa.selenium.remote.ProtocolHandshake.createSession(ProtocolHandshake.java:128)
at org.openqa.selenium.remote.ProtocolHandshake.createSession(ProtocolHandshake.java:74)
at org.openqa.selenium.remote.HttpCommandExecutor.execute(HttpCommandExecutor.java:136)
at org.openqa.selenium.remote.service.DriverCommandExecutor.execute(DriverCommandExecutor.java:83)
at org.openqa.selenium.remote.RemoteWebDriver.execute(RemoteWebDriver.java:552)
at org.openqa.selenium.remote.RemoteWebDriver.startSession(RemoteWebDriver.java:213)
at org.openqa.selenium.remote.RemoteWebDriver.<init>(RemoteWebDriver.java:131)
at org.openqa.selenium.chrome.ChromeDriver.<init>(ChromeDriver.java:181)
at org.openqa.selenium.chrome.ChromeDriver.<init>(ChromeDriver.java:168)
at org.openqa.selenium.chrome.ChromeDriver.<init>(ChromeDriver.java:123)
at test123.VerifyAllHeaders.beforeClass(VerifyAllHeaders.java:29)
at java.base/java.util.concurrent.ThreadPoolExecutor.runWorker(ThreadPoolExecutor.java:1130)
at java.base/java.util.concurrent.ThreadPoolExecutor$Worker.run(ThreadPoolExecutor.java:630)
at java.base/java.lang.Thread.run(Thread.java:832)
... Removed 15 stack frames]]>
    </failure>
  </testcase> <!-- @BeforeClass beforeClass -->
  <testcase classname="test123.VerifyAllHeaders" name="@BeforeMethod beforeMethod" time="-1.646673324591E9">
    <skipped/>
  </testcase> <!-- @BeforeMethod beforeMethod -->
  <testcase classname="test123.VerifyAllHeaders" name="@AfterMethod afterMethod" time="-1.646673324598E9">
    <skipped/>
  </testcase> <!-- @AfterMethod afterMethod -->
  <testcase classname="test123.VerifyAllHeaders" name="@AfterClass afterClass" time="-1.6466733246E9">
    <skipped/>
  </testcase> <!-- @AfterClass afterClass -->
  <testcase classname="test123.VerfyAccountsAndList" name="test" time="0.0">
    <skipped/>
  </testcase> <!-- test -->
  <testcase classname="test123.VerifyAddToCart" name="test" time="0.0">
    <skipped/>
  </testcase> <!-- test -->
  <testcase classname="test123.VerifyYourOrders" name="test" time="0.0">
    <skipped/>
  </testcase> <!-- test -->
  <testcase classname="test123.VerifyAllHeaders" name="test" time="0.0">
    <skipped/>
  </testcase> <!-- test -->
</testsuite> <!-- TestAmazon -->
