<?xml version="1.0" encoding="UTF-8"?>
<!-- Generated by org.testng.reporters.JUnitXMLReporter -->
<testsuite ignored="0" hostname="THINK" failures="0" tests="2" name="Test" time="0.12" errors="0" timestamp="2022-03-08T21:56:49 IST">
  <testcase classname="test123.VerfyAccountsAndList" name="@BeforeTest launchBrowser" time="-1.646756809336E9">
    <failure type="org.testng.TestNGException" message="
Parameter &amp;apos;Browser&amp;apos; is required by BeforeTest on method launchBrowser but has not been marked @Optional or defined
in C:\BHAI\AMAZON-NEW-MAVEN\AMAZONtestng.xml">
      <![CDATA[org.testng.TestNGException: 
Parameter 'Browser' is required by BeforeTest on method launchBrowser but has not been marked @Optional or defined
in C:\BHAI\AMAZON-NEW-MAVEN\AMAZONtestng.xml
... Removed 21 stack frames]]>
    </failure>
  </testcase> <!-- @BeforeTest launchBrowser -->
  <testcase classname="test123.VerifyAddToCart" name="@BeforeTest launchBrowser" time="-1.646756809353E9">
    <skipped/>
  </testcase> <!-- @BeforeTest launchBrowser -->
  <testcase classname="test123.VerifyAddToCart" name="@BeforeClass createAnObject" time="-1.646756809389E9">
    <skipped/>
  </testcase> <!-- @BeforeClass createAnObject -->
  <testcase classname="test123.VerifyAddToCart" name="@BeforeMethod beforeMethod" time="-1.64675680942E9">
    <skipped/>
  </testcase> <!-- @BeforeMethod beforeMethod -->
  <testcase classname="test123.VerifyAddToCart" name="@AfterMethod signOut" time="-1.64675680943E9">
    <skipped/>
  </testcase> <!-- @AfterMethod signOut -->
  <testcase classname="test123.VerifyAddToCart" name="@AfterClass ClearPomObject" time="-1.646756809432E9">
    <skipped/>
  </testcase> <!-- @AfterClass ClearPomObject -->
  <testcase classname="test123.VerfyAccountsAndList" name="@BeforeClass createAnObject" time="-1.646756809438E9">
    <skipped/>
  </testcase> <!-- @BeforeClass createAnObject -->
  <testcase classname="test123.VerfyAccountsAndList" name="@BeforeMethod loginToApplication" time="-1.646756809439E9">
    <skipped/>
  </testcase> <!-- @BeforeMethod loginToApplication -->
  <testcase classname="test123.VerfyAccountsAndList" name="@AfterMethod signOut" time="-1.646756809444E9">
    <skipped/>
  </testcase> <!-- @AfterMethod signOut -->
  <testcase classname="test123.VerfyAccountsAndList" name="@AfterClass clearPomClassObject" time="-1.646756809446E9">
    <skipped/>
  </testcase> <!-- @AfterClass clearPomClassObject -->
  <testcase classname="test123.VerfyAccountsAndList" name="@AfterTest clearBrowser" time="-1.646756809447E9">
    <skipped/>
  </testcase> <!-- @AfterTest clearBrowser -->
  <testcase classname="test123.VerifyAddToCart" name="@AfterTest clearBrowser" time="-1.646756809448E9">
    <skipped/>
  </testcase> <!-- @AfterTest clearBrowser -->
  <testcase classname="test123.VerifyAddToCart" name="test" time="0.0">
    <skipped/>
  </testcase> <!-- test -->
  <testcase classname="test123.VerfyAccountsAndList" name="test" time="0.0">
    <skipped/>
  </testcase> <!-- test -->
</testsuite> <!-- Test -->
