<?xml version="1.0" encoding="UTF-8"?>
<!-- Generated by org.testng.reporters.JUnitXMLReporter -->
<testsuite ignored="0" hostname="THINK" failures="0" tests="1" name="Default test" time="0.123" errors="0" timestamp="2022-03-10T15:09:28 IST">
  <testcase classname="test123.VerifyAddToCart" name="@BeforeTest launchBrowser" time="-1.646905168738E9">
    <failure type="org.testng.TestNGException" message="
Parameter &amp;apos;browser&amp;apos; is required by BeforeTest on method launchBrowser but has not been marked @Optional or defined
in C:\Users\KADSAWANGI\AppData\Local\Temp\testng-eclipse-1325735007\testng-customsuite.xml">
      <![CDATA[org.testng.TestNGException: 
Parameter 'browser' is required by BeforeTest on method launchBrowser but has not been marked @Optional or defined
in C:\Users\KADSAWANGI\AppData\Local\Temp\testng-eclipse-1325735007\testng-customsuite.xml
at org.testng.internal.Parameters.createParams(Parameters.java:270)
at org.testng.internal.Parameters.createParametersForMethod(Parameters.java:358)
at org.testng.internal.Parameters.createParameters(Parameters.java:700)
at org.testng.internal.Parameters.createConfigurationParameters(Parameters.java:168)
at org.testng.internal.ConfigInvoker.invokeConfigurations(ConfigInvoker.java:302)
at org.testng.TestRunner.invokeTestConfigurations(TestRunner.java:637)
at org.testng.TestRunner.beforeRun(TestRunner.java:627)
at org.testng.TestRunner.run(TestRunner.java:589)
at org.testng.SuiteRunner.runTest(SuiteRunner.java:377)
at org.testng.SuiteRunner.runSequentially(SuiteRunner.java:371)
at org.testng.SuiteRunner.privateRun(SuiteRunner.java:332)
at org.testng.SuiteRunner.run(SuiteRunner.java:276)
at org.testng.SuiteRunnerWorker.runSuite(SuiteRunnerWorker.java:53)
at org.testng.SuiteRunnerWorker.run(SuiteRunnerWorker.java:96)
at org.testng.TestNG.runSuitesSequentially(TestNG.java:1212)
at org.testng.TestNG.runSuitesLocally(TestNG.java:1134)
at org.testng.TestNG.runSuites(TestNG.java:1063)
at org.testng.TestNG.run(TestNG.java:1031)
at org.testng.remote.AbstractRemoteTestNG.run(AbstractRemoteTestNG.java:115)
at org.testng.remote.RemoteTestNG.initAndRun(RemoteTestNG.java:251)
at org.testng.remote.RemoteTestNG.main(RemoteTestNG.java:77)
]]>
    </failure>
  </testcase> <!-- @BeforeTest launchBrowser -->
  <testcase classname="test123.VerifyAddToCart" name="@BeforeClass createAnObject" time="-1.646905168788E9">
    <skipped/>
  </testcase> <!-- @BeforeClass createAnObject -->
  <testcase classname="test123.VerifyAddToCart" name="@BeforeMethod beforeMethod" time="-1.646905168828E9">
    <skipped/>
  </testcase> <!-- @BeforeMethod beforeMethod -->
  <testcase classname="test123.VerifyAddToCart" name="@AfterMethod signOut" time="-1.64690516884E9">
    <skipped/>
  </testcase> <!-- @AfterMethod signOut -->
  <testcase classname="test123.VerifyAddToCart" name="@AfterClass ClearPomObject" time="-1.646905168843E9">
    <skipped/>
  </testcase> <!-- @AfterClass ClearPomObject -->
  <testcase classname="test123.VerifyAddToCart" name="@AfterTest clearBrowser" time="-1.64690516885E9">
    <skipped/>
  </testcase> <!-- @AfterTest clearBrowser -->
  <testcase classname="test123.VerifyAddToCart" name="test" time="0.0">
    <skipped/>
  </testcase> <!-- test -->
</testsuite> <!-- Default test -->
